     1                                      %include "../include/define.s"
     1                              <1> ;************************************************************************
     2                              <1> ;	メモリイメージ
     3                              <1> ;************************************************************************
     4                              <1> 
     5                              <1> 		;---------------------------------------
     6                              <1> 		;           |            |
     7                              <1> 		;           |____________|
     8                              <1> 		; 0000_7A00 |            | ( 512) スタック
     9                              <1> 		;           |____________|
    10                              <1> 		; 0000_7C00 |            | (  8K) ブート
    11                              <1> 		;           =            =
    12                              <1> 		;           |____________|
    13                              <1> 		; 0000_9C00 |            | (  8K) カーネル（一時展開）
    14                              <1> 		;           =            =
    15                              <1> 		;           |____________|
    16                              <1> 		; 0000_BC00 |////////////|
    17                              <1> 		;           =            =
    18                              <1> 		;           |____________|
    19                              <1> 		; 0010_0000 |       (2K) | 割り込みディスクリプタテーブル
    20                              <1> 		;           |____________|
    21                              <1> 		; 0010_0800 |       (2K) | カーネルスタック
    22                              <1> 		;           |____________|
    23                              <1> 		; 0010_1000 |       (8K) | カーネルプログラム
    24                              <1> 		;           |            |
    25                              <1> 		;           =            =
    26                              <1> 		;           |____________|
    27                              <1> 		; 0010_3000 |       (8K) | タスク用スタック
    28                              <1> 		;           |            | （各タスク1K）
    29                              <1> 		;           =            =
    30                              <1> 		;           |____________|
    31                              <1> 		; 0010_5000 |            | Dir
    32                              <1> 		;      6000 |____________| Page
    33                              <1> 		; 0010_7000 |            | Dir
    34                              <1> 		;      8000 |____________| Page
    35                              <1> 		; 0010_9000 |////////////|
    36                              <1> 		;           |            |
    37                              <1> 
    38                              <1> 		BOOT_SIZE			equ		(1024 * 8)		; ブートサイズ
    39                              <1> 		KERNEL_SIZE			equ		(1024 * 8)		; カーネルサイズ
    40                              <1> 
    41                              <1> 		BOOT_LOAD			equ		0x7C00			; ブートプログラムのロード位置
    42                              <1> 		BOOT_END			equ		(BOOT_LOAD + BOOT_SIZE)
    43                              <1> 
    44                              <1> 		KERNEL_LOAD			equ		0x0010_1000
    45                              <1> 
    46                              <1> 		SECT_SIZE			equ		(512)			; セクタサイズ
    47                              <1> 
    48                              <1> 		BOOT_SECT			equ		(BOOT_SIZE   / SECT_SIZE)	; ブートプログラムのセクタ数
    49                              <1> 		KERNEL_SECT			equ		(KERNEL_SIZE / SECT_SIZE)	; カーネルのセクタ数
    50                              <1> 
    51                              <1> 		E820_RECORD_SIZE	equ		20
    52                              <1> 
    53                              <1> 		VECT_BASE			equ		0x0010_0000		;	0010_0000:0010_07FF
    54                              <1> 
    55                              <1> 
    56                              <1> 		STACK_BASE			equ		0x0010_3000		; タスク用スタックエリア
    57                              <1> 		STACK_SIZE			equ		1024			; スタックサイズ
    58                              <1> 
    59                              <1> 		SP_TASK_0			equ		STACK_BASE + (STACK_SIZE * 1)
    60                              <1> 		SP_TASK_1			equ		STACK_BASE + (STACK_SIZE * 2)
    61                              <1> 		SP_TASK_2			equ		STACK_BASE + (STACK_SIZE * 3)
    62                              <1> 		SP_TASK_3			equ		STACK_BASE + (STACK_SIZE * 4)
    63                              <1> 		SP_TASK_4			equ		STACK_BASE + (STACK_SIZE * 5)
    64                              <1> 		SP_TASK_5			equ		STACK_BASE + (STACK_SIZE * 6)
    65                              <1> 		SP_TASK_6			equ		STACK_BASE + (STACK_SIZE * 7)
    66                              <1> 
    67                              <1> 		CR3_BASE			equ		0x0010_5000		; ページ変換テーブル：タスク3用
    68                              <1> 
    69                              <1> 		PARAM_TASK_4		equ		0x0010_8000		; 描画パラメータ：タスク4用
    70                              <1> 		PARAM_TASK_5		equ		0x0010_9000		; 描画パラメータ：タスク5用
    71                              <1> 		PARAM_TASK_6		equ		0x0010_A000		; 描画パラメータ：タスク6用
    72                              <1> 
    73                              <1> 		CR3_TASK_4			equ		0x0020_0000		; ページ変換テーブル：タスク4用
    74                              <1> 		CR3_TASK_5			equ		0x0020_2000		; ページ変換テーブル：タスク5用
    75                              <1> 		CR3_TASK_6			equ		0x0020_4000		; ページ変換テーブル：タスク6用
    76                              <1> 
    77                              <1> 
    78                              <1> ;************************************************************************
    79                              <1> ;	ディスクイメージ
    80                              <1> ;************************************************************************
    81                              <1> 		;(SECT/SUM)  file img
    82                              <1> 		;                       ____________
    83                              <1> 		;( 16/  0)   0000_0000 |       (8K) | ブート
    84                              <1> 		;                      =            =
    85                              <1> 		;                      |____________|
    86                              <1> 		;( 16/ 16)   0000_2000 |       (8K) | カーネル
    87                              <1> 		;                      =            =
    88                              <1> 		;                      |____________|
    89                              <1> 		;(256/ 32)   0000_4000 |     (128K) | FAT-1
    90                              <1> 		;                      |            |
    91                              <1> 		;                      |            |
    92                              <1> 		;                      =            =
    93                              <1> 		;                      |____________|
    94                              <1> 		;(256/288)   0002_4000 |     (128K) | FAT-2
    95                              <1> 		;                      |            |
    96                              <1> 		;                      |            |
    97                              <1> 		;                      =            =
    98                              <1> 		;                      |____________|
    99                              <1> 		;( 32/544)   0004_4000 |      (16K) | ルートディレクトリ領域
   100                              <1> 		;                      |            | (32セクタ/512エントリ)
   101                              <1> 		;                      =            =
   102                              <1> 		;                      |____________|
   103                              <1> 		;(   /576)   0004_8000 |            | データ領域
   104                              <1> 		;                      |            |
   105                              <1> 		;                      =            =
   106                              <1> 		;                      |            |
   107                              <1> 		;                      |____________|
   108                              <1> 		;(   /640)   0005_0000 |////////////|
   109                              <1> 		;                      |            |
   110                              <1> 
   111                              <1> 		FAT_SIZE			equ		(1024 * 128)	; FAT-1/2
   112                              <1> 		ROOT_SIZE			equ		(1024 *  16)	; ルートディレクトリ領域
   113                              <1> 
   114                              <1> 		ENTRY_SIZE			equ		32				; エントリサイズ
   115                              <1> 
   116                              <1> 		; BOOT イメージは異なるファイルなので、FAT アドレスの定義には加算しない
   117                              <1> 		FAT_OFFSET			equ		(BOOT_SIZE + KERNEL_SIZE)
   118                              <1> 		FAT1_START			equ		(KERNEL_SIZE)
   119                              <1> 		FAT2_START			equ		(FAT1_START + FAT_SIZE)
   120                              <1> 		ROOT_START			equ		(FAT2_START + FAT_SIZE)
   121                              <1> 		FILE_START			equ		(ROOT_START + ROOT_SIZE)
   122                              <1> 
   123                              <1> 		; ファイル属性
   124                              <1> 		ATTR_READ_ONLY		equ		0x01
   125                              <1> 		ATTR_HIDDEN			equ		0x02
   126                              <1> 		ATTR_SYSTEM			equ		0x04
   127                              <1> 		ATTR_VOLUME_ID		equ		0x08
   128                              <1> 		ATTR_DIRECTORY		equ		0x10
   129                              <1> 		ATTR_ARCHIVE		equ		0x20
     2                                      %include "../include/macros.s"
     1                              <1> %macro cdecl 1-*.nolist
     2                              <1>     %rep %0 - 1
     3                              <1>     push %{-1:-1}
     4                              <1>     %rotate - 1
     5                              <1>     %endrep
     6                              <1>     %rotate -1
     7                              <1>     call %1
     8                              <1> 
     9                              <1>     %if 1 < %0
    10                              <1>     add sp, (__BITS__ >> 3) * (%0 - 1)
    11                              <1>     %endif
    12                              <1> %endmacro
    13                              <1> 
    14                              <1> ;;; drive parameter
    15                              <1>     struc drive
    16 00000000 <res 00000002>      <1>         .no resw 1                  ; dirve number
    17 00000002 <res 00000002>      <1>         .cyln resw 1                ; cylinder
    18 00000004 <res 00000002>      <1>         .head resw 1                ; head
    19 00000006 <res 00000002>      <1>         .sect resw 1                ; sector
    20                              <1>     endstruc
     3                                  
     4                                      ORG KERNEL_LOAD
     5                                  
     6                                      [BITS 32]
     7                                  ;;;
     8                                  ;;; エントリポイント
     9                                  ;;;
    10                                  kernel:
    11                                      ;; 処理の終了
    12 00000000 EBFE                        jmp     $                   ; while (1);
    13                                  ;;;
    14                                  ;;; padding
    15                                  ;;;
    16 00000002 00<rept>                    times   KERNEL_SIZE - ($ - $$)  db  0 ; padding
