     1                                  ;;;
     2                                  ;;; エントリポイント
     3                                  ;;;
     4                                      BOOT_LOAD equ 0x7C00        ; ブートプログラムのロード位置
     5                                      ORG BOOT_LOAD               ; ロードアドレスをアセンブラに指示
     6                                  entry:
     7 00000000 EB58                        jmp ipl                       ; IPLへジャンプ
     8                                  
     9                                      ;; BPB(BIOS Prameter Block)
    10 00000002 90<rept>                    times 90 - ($ - $$) db 0x90
    11                                  
    12                                      ;; IPL (Initial Program Loader)
    13                                  ipl:
    14 0000005A FA                          cli                        ; 割り込み禁止
    15                                  
    16 0000005B B80000                      mov ax, 0x0000              ; AX = 0x0000;
    17 0000005E 8ED8                        mov ds, ax                  ; DS = 0x0000;
    18 00000060 8EC0                        mov es, ax                  ; ES = 0x0000;
    19 00000062 8ED0                        mov ss, ax                  ; SS = 0x0000;
    20 00000064 BC007C                      mov sp, BOOT_LOAD           ; SP = 0x7C00;
    21                                  
    22 00000067 FB                          sti                        ; 割り込み許可
    23                                  
    24 00000068 8816[7800]                  mov [BOOT.DRIVE], dl       ; ブートドライブを保存
    25                                  
    26 0000006C B041                        mov al, 'A'                 ; AL = 出力文字
    27 0000006E B40E                        mov ah, 0x0E                ; テレタイプ式1文字出力
    28 00000070 BB0000                      mov bx, 0x0000              ; ページ番号と文字色を0に設定
    29 00000073 CD10                        int 0x10                    ; ビデオBIOSコール
    30                                  
    31 00000075 EBFE                        jmp $                       ; while(1)
    32                                  
    33 00000077 00                          ALIGN 2, db 0
    34                                  BOOT:                           ; ブートドライブに関する情報
    35 00000078 0000                        .DRIVE: dw 0                ; ドライブ番号
    36                                  
    37                                  ;;;
    38                                  ;;; ブートフラグ(先頭 512 バイトの終了)
    39                                  ;;;
    40 0000007A 00<rept>                    times 510 - ($ - $$) db 0x00
    41 000001FE 55AA                        db 0x55, 0xAA
