     1                                  ;;;
     2                                  ;;; マクロ
     3                                  ;;;
     4                                      %include "../include/define.s"
     1                              <1>     BOOT_LOAD equ 0x7C00
     2                              <1> 
     3                              <1>     BOOT_SIZE equ (1024 * 8)
     4                              <1>     SECT_SIZE equ (512)
     5                              <1>     BOOT_SECT equ (BOOT_SIZE / SECT_SIZE)
     5                                      %include "../include/macros.s"
     1                              <1> %macro cdecl 1-*.nolist
     2                              <1>     %rep %0 - 1
     3                              <1>     push %{-1:-1}
     4                              <1>     %rotate - 1
     5                              <1>     %endrep
     6                              <1>     %rotate -1
     7                              <1>     call %1
     8                              <1> 
     9                              <1>     %if 1 < %0
    10                              <1>     add sp, (__BITS__ >> 3) * (%0 - 1)
    11                              <1>     %endif
    12                              <1> %endmacro
    13                              <1> 
    14                              <1> ;;; drive parameter
    15                              <1>     struc drive
    16 00000000 <res 00000002>      <1>         .no resw 1                  ; dirve number
    17 00000002 <res 00000002>      <1>         .cyln resw 1                ; cylinder
    18 00000004 <res 00000002>      <1>         .head resw 1                ; head
    19 00000006 <res 00000002>      <1>         .sect resw 1                ; sector
    20                              <1>     endstruc
     6                                  
     7                                      ORG BOOT_LOAD               ; ロードアドレスをアセンブラに指示
     8                                  ;;;
     9                                  ;;; エントリポイント
    10                                  ;;;
    11                                  entry:
    12 00000000 EB58                        jmp ipl                       ; IPLへジャンプ
    13                                  
    14                                      ;; BPB(BIOS Prameter Block)
    15 00000002 90<rept>                    times 90 - ($ - $$) db 0x90
    16                                  
    17                                      ;; IPL (Initial Program Loader)
    18                                  ipl:
    19 0000005A FA                          cli                        ; 割り込み禁止
    20                                  
    21 0000005B B80000                      mov ax, 0x0000              ; AX = 0x0000;
    22 0000005E 8ED8                        mov ds, ax                  ; DS = 0x0000;
    23 00000060 8EC0                        mov es, ax                  ; ES = 0x0000;
    24 00000062 8ED0                        mov ss, ax                  ; SS = 0x0000;
    25 00000064 BC007C                      mov sp, BOOT_LOAD           ; SP = 0x7C00;
    26                                  
    27 00000067 FB                          sti                        ; 割り込み許可
    28                                  
    29 00000068 8816[B800]                  mov [BOOT + drive.no], dl       ; ブートドライブを保存
    30                                  
    31                                      ;; 文字を表示
    32 0000006C 68[9900]E84E0083C4-         cdecl puts, .s0             ; puts(.s0);
    32 00000074 02                 
    33                                  
    34                                      ;; 残りのセクタをすべて読み込む
    35 00000075 BB0F00                      mov bx, BOOT_SECT - 1           ; BX = 残りのぶーとセクタ数
    36 00000078 B9007E                      mov cx, BOOT_LOAD + SECT_SIZE   ; CX = 次のロードアドレス
    37                                  
    38 0000007B 515368[B800]E89B00-         cdecl read_chs, BOOT, bx, cx    ; AX = read_chs(.chs, bx, cx);
    38 00000083 83C406             
    39                                  
    40 00000086 39D8                        cmp ax, bx                      ; if (AX !=  残りのセクタ数)
    41                                                                      ; {
    42                                      .10Q:                           ;
    43 00000088 740C                        jz .10E                         ;
    44                                                                      ;
    45                                      .10T:                           ;
    46 0000008A 68[A600]E8300083C4-         cdecl puts, .e0                 ;     puts(.e0);
    46 00000092 02                 
    47 00000093 E84900                      call reboot                     ;     reboot();
    48                                                                      ;
    49                                      .10E:                           ; }
    50                                  
    51                                      ;; 次のステージへ移行
    52 00000096 E94C02                      jmp stage_2                 ; ブート処理の第2ステージ
    53                                  
    54                                      ;; データ
    55 00000099 426F6F74696E672E2E-         .s0 db "Booting...", 0x0A, 0x0D, 0
    55 000000A2 2E0A0D00           
    56 000000A6 4572726F723A736563-         .e0 db "Error:sector read", 0
    56 000000AF 746F72207265616400 
    57                                  
    58                                      ALIGN 2, db 0
    59                                  BOOT:                           ; ブートドライブに関する情報
    60                                      istruc drive
    61 000000B8 0000                            at drive.no, dw 0
    62 000000BA 0000                            at drive.cyln, dw 0
    63 000000BC 0000                            at drive.head, dw 0
    64 000000BE 0200                            at drive.sect, dw 2
    65                                      iend
    66                                  
    67                                  
    68                                  ;;;
    69                                  ;;; モジュール
    70                                  ;;;
    71                                      %include "../modules/real/puts.s"
     1                              <1> ;;; 文字列の表示
     2                              <1> ;;; @fn puts(str);
     3                              <1> ;;; @param str the address of string
     4                              <1> ;;; @return nothing
     5                              <1> 
     6                              <1> puts:
     7                              <1>     ;; スタックフレームの構築
     8 000000C0 55                  <1>     push bp
     9 000000C1 89E5                <1>     mov bp, sp
    10                              <1>     ;; レジスタの保存
    11 000000C3 50                  <1>     push ax
    12 000000C4 53                  <1>     push bx
    13 000000C5 56                  <1>     push si
    14                              <1> 
    15 000000C6 8B7604              <1>     mov si, [bp + 4]            ; SI = the address of string
    16                              <1> 
    17                              <1>     ;; 関数本体
    18 000000C9 B40E                <1>     mov ah, 0x0E
    19 000000CB BB0000              <1>     mov bx, 0x0000
    20                              <1> 
    21 000000CE FC                  <1>     cld                         ; DF = 0;
    22                              <1>                                 ; do {
    23                              <1>     .10L:                       ;    AL = *SI++;
    24 000000CF AC                  <1>     lodsb                       ;    if (0 == AL) break;
    25                              <1>                                 ;    Int10(0x0E, AL);
    26 000000D0 3C00                <1>     cmp al, 0                   ; } while(1);
    27 000000D2 7404                <1>     je .10E
    28                              <1> 
    29 000000D4 CD10                <1>     int 0x10
    30 000000D6 EBF7                <1>     jmp .10L
    31                              <1> 
    32                              <1>     .10E:
    33                              <1>     ;; レジスタの復帰
    34 000000D8 5E                  <1>     pop si
    35 000000D9 5B                  <1>     pop bx
    36 000000DA 58                  <1>     pop ax
    37                              <1>     ;; スタックフレームの破棄
    38 000000DB 89EC                <1>     mov sp, bp
    39 000000DD 5D                  <1>     pop bp
    40                              <1> 
    41 000000DE C3                  <1>     ret
    72                                      %include "../modules/real/reboot.s"
     1                              <1> ;;; メッセージを表示して再起動を行う
     2                              <1> ;;; void reboot(void);
     3                              <1> ;;;
     4                              <1> reboot:
     5                              <1>     ;; メッセージを表示
     6 000000DF 68[FB00]E8DBFF83C4- <1>     cdecl puts, .s0
     6 000000E7 02                  <1>
     7                              <1> 
     8                              <1>     ;; キー入力待ち
     9                              <1>     .10L:
    10 000000E8 B410                <1>     mov ah, 0x10
    11 000000EA CD16                <1>     int 0x16
    12                              <1> 
    13 000000EC 3C20                <1>     cmp al, ' '
    14 000000EE 75F8                <1>     jne .10L
    15                              <1> 
    16                              <1>     ;; 改行を出力
    17 000000F0 68[1901]E8CAFF83C4- <1>     cdecl puts, .s1
    17 000000F8 02                  <1>
    18                              <1> 
    19                              <1>     ;; 再起動
    20 000000F9 CD19                <1>     int 0x19                    ; BIOS(0x19) reboot();
    21                              <1> 
    22                              <1>     ;; 文字列データ
    23 000000FB 0A0D50757368205350- <1>     .s0 db 0x0A, 0x0D, "Push SPACE key to reboot...", 0
    23 00000104 414345206B65792074- <1>
    23 0000010D 6F207265626F6F742E- <1>
    23 00000116 2E2E00              <1>
    24 00000119 0A0D0A0D00          <1>     .s1 db 0x0A, 0x0D, 0x0A, 0x0D, 0
    73                                      %include "../modules/real/read_chs.s"
     1                              <1> ;;; セクタ読み出し関数
     2                              <1> ;;; @fn read_chs(drive, sect, dst);
     3                              <1> ;;; @param drive the address of drive struct
     4                              <1> ;;; @param sect the number of read sectors
     5                              <1> ;;; @param dst the address of destination
     6                              <1> ;;; @return the number of sectors that read
     7                              <1> 
     8                              <1> read_chs:
     9                              <1>     ;; スタックフレームの構築
    10 0000011E 55                  <1>     push bp                     ;    + 8| dst
    11 0000011F 89E5                <1>     mov bp, sp                  ;    + 6| num sectors
    12 00000121 6A03                <1>     push 3                      ;    + 4| param buff
    13 00000123 6A00                <1>     push 0                      ; ------+------------
    14                              <1>                                 ;    + 2| IP
    15                              <1>                                 ; BP + 0| BP
    16                              <1>                                 ;-------+-------------
    17                              <1>                                 ;    - 2| retry = 3;
    18                              <1>                                 ;    - 4| sect = 0;
    19                              <1> 
    20                              <1>     ;; レジスタの保存
    21 00000125 53                  <1>     push bx
    22 00000126 51                  <1>     push cx
    23 00000127 52                  <1>     push dx
    24 00000128 06                  <1>     push es
    25 00000129 56                  <1>     push si
    26                              <1> 
    27                              <1>     ;; 処理の開始
    28 0000012A 8B7604              <1>     mov si, [bp + 4]            ; SI = SRC buff
    29                              <1> 
    30                              <1>     ;; CX レジスタの設定
    31 0000012D 8A6C02              <1>     mov ch, [si + drive.cyln + 0] ; CH = clynder number
    32 00000130 8A4C03              <1>     mov cl, [si + drive.cyln + 1] ; CL = clynder number
    33 00000133 C0E106              <1>     shl cl, 6                     ; CL <<= 6
    34 00000136 0A4C06              <1>     or cl, [si + drive.sect]      ; CL |= sector number
    35                              <1> 
    36                              <1>     ;; セクタ読み込み
    37 00000139 8A7404              <1>     mov dh, [si + drive.head]   ; DH = head number
    38 0000013C 8A14                <1>     mov dl, [si + 0]            ; DL = drive number
    39 0000013E B80000              <1>     mov ax, 0x0000              ; AX = 0x0000
    40 00000141 8EC0                <1>     mov es, ax                  ; ES = segment
    41 00000143 8B5E08              <1>     mov bx, [bp + 8]            ; BX = dst
    42                              <1> 
    43                              <1>     .10L:
    44 00000146 B402                <1>     mov ah, 0x02
    45 00000148 8A4606              <1>     mov al, [bp + 6]
    46                              <1> 
    47 0000014B CD13                <1>     int 0x13
    48 0000014D 7304                <1>     jnc .11E
    49                              <1> 
    50 0000014F B000                <1>     mov al, 0
    51 00000151 EB0C                <1>     jmp .10E
    52                              <1> 
    53                              <1>     .11E:
    54 00000153 3C00                <1>     cmp al, 0
    55 00000155 7508                <1>     jne .10E
    56                              <1> 
    57 00000157 B80000              <1>     mov ax, 0
    58 0000015A FF4EFE              <1>     dec word [bp - 2]
    59 0000015D 75E7                <1>     jnz .10L
    60                              <1> 
    61                              <1>     .10E:
    62 0000015F B400                <1>     mov ah, 0
    63                              <1> 
    64                              <1>     ;; レジスタの復帰
    65 00000161 5E                  <1>     pop si
    66 00000162 07                  <1>     pop es
    67 00000163 5A                  <1>     pop dx
    68 00000164 59                  <1>     pop cx
    69 00000165 5B                  <1>     pop bx
    70                              <1> 
    71                              <1> 
    72                              <1>     ;; スタックフレームの破棄
    73 00000166 89EC                <1>     mov sp, bp
    74 00000168 5D                  <1>     pop bp
    75                              <1> 
    76 00000169 C3                  <1>     ret
    74                                  ;;;
    75                                  ;;; ブートフラグ(先頭 512 バイトの終了)
    76                                  ;;;
    77 0000016A 00<rept>                    times 510 - ($ - $$) db 0x00
    78 000001FE 55AA                        db 0x55, 0xAA
    79                                  ;;;
    80                                  ;;; リアルモード時に取得した情報
    81                                  ;;;
    82                                  FONT:
    83 00000200 0000                        .seg: dw 0
    84 00000202 0000                        .off: dw 0
    85                                  ;;;
    86                                  ;;; モジュール(先頭 512 byte 以降に配置)
    87                                  ;;;
    88                                  ;;;
    89                                      %include "../modules/real/itoa.s"
     1                              <1> ;;; 数値を文字列に変換する
     2                              <1> ;;; @fn  void itoa(num,  buff, size, radix, flag)
     3                              <1> ;;; @param num 変換する値
     4                              <1> ;;; @param buff 保存先バッファアドレス
     5                              <1> ;;; @param size 保存先バッファサイズ
     6                              <1> ;;; @param radix 2, 8, 10 or 16
     7                              <1> ;;; @param flag
     8                              <1> ;;;        B2: 空白をゼロで埋める
     9                              <1> ;;;        B1: '+/-' 記号を付加する
    10                              <1> ;;;        B0: 値を符号付き変数として扱う
    11                              <1> 
    12                              <1> itoa:
    13                              <1>     ;; スタックフレームの構築
    14 00000204 55                  <1>     push bp                     ;   +12| flag
    15 00000205 89E5                <1>     mov bp, sp                  ;   +10| radix
    16                              <1>                                 ;   + 8| buff size
    17                              <1>                                 ;   + 6| buff address
    18                              <1>                                 ;   + 4| num
    19                              <1>                                 ;   + 2| IP
    20                              <1>                                 ; BP+ 0| BP
    21                              <1>                                 ; -----+-------------
    22                              <1> 
    23                              <1>     ;; レジスタの保存
    24 00000207 50                  <1>     push	ax
    25 00000208 53                  <1> 	push	bx
    26 00000209 51                  <1> 	push	cx
    27 0000020A 52                  <1> 	push	dx
    28 0000020B 56                  <1> 	push	si
    29 0000020C 57                  <1> 	push	di
    30                              <1> 
    31                              <1>     ;; 引数の取得
    32 0000020D 8B4604              <1>     mov		ax, [bp + 4]					; val  = 数値;
    33 00000210 8B7606              <1> 	mov		si, [bp + 6]					; dst  = バッファアドレス;
    34 00000213 8B4E08              <1> 	mov		cx, [bp + 8]					; size = 残りバッファサイズ;
    35                              <1> 
    36 00000216 89F7                <1> 	mov		di, si							; // バッファの最後尾
    37 00000218 01CF                <1> 	add		di, cx							; dst  = &dst[size - 1];
    38 0000021A 4F                  <1> 	dec		di								;
    39                              <1> 
    40 0000021B 8B5E0C              <1> 	mov		bx, [bp +12]					; flags = オプション;
    41                              <1> 
    42                              <1>     ;; 符号付き判定
    43 0000021E F7C30100            <1>     test bx, 0b0001             ; if (flags & 0b01) {
    44                              <1>                                 ;   if (val > 0) {
    45                              <1>     .10Q:                       ;     flag |= 2;
    46 00000222 7408                <1>     je .10E                     ;   }
    47 00000224 83F800              <1>     cmp ax, 0                   ; }
    48                              <1> 
    49                              <1>     .12Q:
    50 00000227 7D03                <1>     jge .12E
    51 00000229 83CB02              <1>     or bx, 0b0010
    52                              <1> 
    53                              <1>     .12E:
    54                              <1>     .10E:
    55                              <1> 
    56                              <1>     ;; 符号出力判定
    57 0000022C F7C30200            <1>     test bx, 0b0010             ; if (flag & 0x02) {
    58                              <1>                                 ;   if (val > 0) {
    59                              <1>     .20Q:                       ;      val *= -1;
    60 00000230 7410                <1>     je .20E                     ;      *dst = '-';
    61 00000232 83F800              <1>     cmp ax, 0                   ;   } else {
    62                              <1>                                 ;      *dst = '+';
    63                              <1>     .22Q:                       ;   }
    64 00000235 7D07                <1>     jge .22F                    ;
    65 00000237 F7D8                <1>     neg ax                      ;   size--;
    66 00000239 C6042D              <1>     mov [si], byte '-'          ; }
    67 0000023C EB03                <1>     jmp .22E
    68                              <1> 
    69                              <1>     .22F:
    70 0000023E C6042B              <1>     mov [si], byte '+'
    71                              <1> 
    72                              <1>     .22E:
    73 00000241 49                  <1>     dec cx
    74                              <1> 
    75                              <1>     .20E:
    76                              <1> 
    77                              <1>     ;; ASCII 変換
    78 00000242 8B5E0A              <1>     mov bx, [bp + 10]           ; BX = radix
    79                              <1>                                 ;
    80                              <1>     .30L:                       ; do {
    81 00000245 BA0000              <1>     mov dx, 0                   ;  DX = DX:AX % radix;
    82 00000248 F7F3                <1>     div bx                      ;  AX = DX:AX / radix;
    83                              <1>                                 ;
    84 0000024A 89D6                <1>     mov si, dx                  ;
    85 0000024C 8A94[7402]          <1>     mov dl, byte [.ascii + si]  ;  DL = ASCII[DX];
    86 00000250 8815                <1>     mov [di], dl                ;  *dst = DL;
    87 00000252 4F                  <1>     dec di                      ;   dst--;
    88                              <1>                                 ;
    89 00000253 83F800              <1>     cmp ax, 0                   ;
    90 00000256 E0ED                <1>     loopnz .30L                 ; } while (AX);
    91                              <1> 
    92                              <1>     .30E:
    93                              <1> 
    94                              <1>     ;; 空白を埋める
    95 00000258 83F900              <1>     cmp cx, 0                   ; if (size) {
    96                              <1>                                 ;
    97                              <1>     .40Q:                       ;
    98 0000025B 740D                <1>     je .40E                     ;
    99 0000025D B020                <1>     mov al, ' '                 ;    AL = ' '
   100 0000025F 837E0C04            <1>     cmp [bp + 12], word 0b0100  ;    if (flag & 0x04) {
   101                              <1>                                 ;
   102                              <1>     .42Q:                       ;
   103 00000263 7502                <1>     jne .42E                    ;
   104 00000265 B030                <1>     mov al, '0'                 ;       AL = '0';
   105                              <1>                                 ;    }
   106                              <1>     .42E:                       ;
   107 00000267 FD                  <1>     std                         ;    DF = 1
   108 00000268 F3AA                <1>     rep stosb                   ;    while (--cx) *DI-- = ' ';
   109                              <1>                                 ;
   110                              <1>     .40E:                       ; }
   111                              <1> 
   112                              <1>     ;; レジスタの復帰
   113 0000026A 5F                  <1> 	pop		di
   114 0000026B 5E                  <1> 	pop		si
   115 0000026C 5A                  <1> 	pop		dx
   116 0000026D 59                  <1> 	pop		cx
   117 0000026E 5B                  <1> 	pop		bx
   118 0000026F 58                  <1> 	pop		ax
   119                              <1> 
   120                              <1>     ;; スタックフレームの破棄
   121 00000270 89EC                <1> 	mov		sp, bp
   122 00000272 5D                  <1> 	pop		bp
   123                              <1> 
   124 00000273 C3                  <1> 	ret
   125                              <1> 
   126                              <1> 
   127 00000274 303132333435363738- <1>     .ascii db "0123456789ABCDEF" ; 変換テーブル
   127 0000027D 39414243444546      <1>
    90                                      %include "../modules/real/get_drive_param.s"
     1                              <1> ;;; ドライブパラメータを取得する
     2                              <1> ;;; @fn get_drive_param(drive);
     3                              <1> ;;; @param (drive) pointer: drive struct
     4                              <1> ;;; @return 0: fail
     5                              <1> 
     6                              <1> get_drive_param:
     7                              <1>     ;; スタックフレームの構築
     8 00000284 55                  <1>     push bp                     ;   + 4| param buff
     9 00000285 89E5                <1>     mov bp, sp                 ;   + 2| IP
    10                              <1>                                 ; BP+ 0| BP
    11                              <1> 
    12                              <1>     ;; レジスタの保存
    13 00000287 53                  <1>     push bx
    14 00000288 51                  <1>     push cx
    15 00000289 06                  <1>     push es
    16 0000028A 56                  <1>     push si
    17 0000028B 57                  <1>     push di
    18                              <1> 
    19                              <1>     ;; 処理の開始
    20 0000028C 8B7604              <1>     mov si, [bp + 4]            ; SI = buff;
    21                              <1> 
    22 0000028F B80000              <1>     mov ax, 0                   ; init Disk Base Table Pointer
    23 00000292 8EC0                <1>     mov es, ax                  ; ES = 0;
    24 00000294 89C7                <1>     mov di, ax                  ; DI = 0;
    25                              <1> 
    26 00000296 B408                <1>     mov ah, 8                   ;
    27 00000298 8A14                <1>     mov dl, [si + drive.no]     ; DL = drive number;
    28 0000029A CD13                <1>     int 0x13                    ; CF = BIOS(0x13, 8);
    29                              <1>                                 ;
    30                              <1>     .10Q:                       ;
    31 0000029C 721B                <1>     jc .10F                     ; if (0 == CF)
    32                              <1>                                 ; {
    33                              <1>     .10T:                       ;
    34 0000029E 88C8                <1>     mov al, cl                  ;
    35 000002A0 83E03F              <1>     and ax, 0x3F                ;   AX = num_sector
    36                              <1>                                 ;
    37 000002A3 C0E906              <1>     shr cl, 6                   ;
    38 000002A6 C1C908              <1>     ror cx, 8                   ;
    39 000002A9 41                  <1>     inc cx                      ;   CX = num_clyn
    40                              <1>                                 ;
    41 000002AA 0FB6DE              <1>     movzx bx, dh                ;
    42 000002AD 43                  <1>     inc bx                      ;   BX = num_head(1-based)
    43                              <1>                                 ;
    44 000002AE 894C02              <1>     mov [si + drive.cyln], cx   ;   drive.clyn = CX;
    45 000002B1 895C04              <1>     mov [si + drive.head], bx   ;   drive.head = BX;
    46 000002B4 894406              <1>     mov [si + drive.sect], ax   ;   drive.sect = AX;
    47                              <1>                                 ;
    48 000002B7 EB03                <1>     jmp .10E                    ; }
    49                              <1>                                 ; else
    50                              <1>     .10F:                       ; {
    51 000002B9 B80000              <1>     mov ax, 0                   ;   AX = 0; failure
    52                              <1>                                 ;
    53                              <1>     .10E:                       ; }
    54                              <1> 
    55                              <1>     ;; レジスタの復帰
    56 000002BC 5F                  <1>     pop di
    57 000002BD 5E                  <1>     pop si
    58 000002BE 07                  <1>     pop es
    59 000002BF 59                  <1>     pop cx
    60 000002C0 5B                  <1>     pop bx
    61                              <1> 
    62                              <1>     ;; スタックフレームの破棄
    63 000002C1 89EC                <1>     mov sp, bp
    64 000002C3 5D                  <1>     pop bp
    65                              <1> 
    66 000002C4 C3                  <1>     ret
    91                                      %include "../modules/real/get_font_adr.s"
     1                              <1> ;;; BIOS のフォントデータを取得する
     2                              <1> ;;; @fn get_font_adr(adr);
     3                              <1> ;;; @param (adr) フォントアドレス格納位置
     4                              <1> ;;; @return void
     5                              <1> 
     6                              <1> 
     7                              <1> get_font_adr:
     8                              <1>     ;; スタックフレームの構築
     9 000002C5 55                  <1>     push bp
    10 000002C6 89E5                <1>     mov bp, sp
    11                              <1> 
    12                              <1>     ;; レジスタの保存
    13 000002C8 50                  <1>     push ax
    14 000002C9 53                  <1>     push bx
    15 000002CA 56                  <1>     push si
    16 000002CB 06                  <1>     push es
    17 000002CC 55                  <1>     push bp
    18                              <1> 
    19                              <1>     ;; 引数を取得
    20 000002CD 8B7604              <1>     mov si, [bp + 4]
    21                              <1> 
    22                              <1>     ;; フォントアドレスの取得
    23 000002D0 B83011              <1>     mov ax, 0x1130
    24 000002D3 B706                <1>     mov bh, 0x06                ; 8x16 font (vga/mcga)
    25 000002D5 CD10                <1>     int 10h                     ; ES:BP = font address
    26                              <1> 
    27                              <1>     ;; フォントアドレスを保存
    28 000002D7 8C04                <1>     mov [si + 0], es            ; dst[0] = segment;
    29 000002D9 896C02              <1>     mov [si + 2], bp            ; dst[1] = offset;
    30                              <1> 
    31                              <1>     ;; レジスタの復帰
    32 000002DC 5D                  <1>     pop bp
    33 000002DD 07                  <1>     pop es
    34 000002DE 5E                  <1>     pop si
    35 000002DF 5B                  <1>     pop bx
    36 000002E0 58                  <1>     pop ax
    37                              <1> 
    38                              <1>     ;; スタックフレームの破棄
    39 000002E1 89EC                <1>     mov sp, bp
    40 000002E3 5D                  <1>     pop bp
    41                              <1> 
    42 000002E4 C3                  <1>     ret
    92                                  ;;;
    93                                  ;;; ブート処理の第2ステージ
    94                                  ;;;
    95                                  stage_2:
    96                                      ;; 文字列を表示
    97 000002E5 68[5F03]E8D5FD83C4-         cdecl puts, .s0             ; puts(.s0);
    97 000002ED 02                 
    98                                  
    99                                      ;; ドライブ情報を取得
   100 000002EE 68[B800]E890FF83C4-         cdecl get_drive_param, BOOT ; get_drive_param(DX, BOOT.CYLN);
   100 000002F6 02                 
   101 000002F7 83F800                      cmp ax, 0                   ; if (0 == AX)
   102                                                                  ; {
   103                                      .10Q:                       ;
   104 000002FA 750C                        jne .10E                    ;
   105                                                                  ;
   106                                      .10T:                       ;
   107 000002FC 68[9603]E8BEFD83C4-         cdecl puts, .e0             ;   puts(.e0);
   107 00000304 02                 
   108 00000305 E8D7FD                      call reboot                 ;   reboot();
   109                                                                  ; }
   110                                      .10E:                       ;
   111                                  
   112                                      ;; ドライブ情報を表示
   113 00000308 A1[B800]                    mov ax, [BOOT + drive.no]
   114 0000030B 6A046A106A0268-             cdecl itoa, ax, .p1, 2, 16, 0b0100
   114 00000312 [7703]50E8ECFE83C4-
   114 0000031A 0A                 
   115 0000031B A1[BA00]                    mov ax, [BOOT + drive.cyln]
   116 0000031E 6A046A106A0468-             cdecl itoa, ax, .p2, 4, 16, 0b0100
   116 00000325 [7F03]50E8D9FE83C4-
   116 0000032D 0A                 
   117 0000032E A1[BC00]                    mov ax, [BOOT + drive.head]
   118 00000331 6A046A106A0268-             cdecl itoa, ax, .p3, 2, 16, 0b0100
   118 00000338 [8903]50E8C6FE83C4-
   118 00000340 0A                 
   119 00000341 A1[BE00]                    mov ax, [BOOT + drive.sect]
   120 00000344 6A046A106A0268-             cdecl itoa, ax, .p4, 2, 16, 0b0100
   120 0000034B [9103]50E8B3FE83C4-
   120 00000353 0A                 
   121 00000354 68[6E03]E866FD83C4-         cdecl puts, .s1
   121 0000035C 02                 
   122                                  
   123                                      ;; 処理の終了
   124 0000035D EB4F                        jmp stage_3rd                       ; while (1);
   125                                  
   126                                      ;; データ
   127 0000035F 326E64207374616765-         .s0 db "2nd stage...", 0x0A, 0x0D, 0
   127 00000368 2E2E2E0A0D00       
   128                                  
   129 0000036E 2044726976653A3078          .s1 db " Drive:0x"
   130 00000377 20202C20433A3078            .p1 db "  , C:0x"
   131 0000037F 202020202C20483A30-         .p2 db "    , H:0x"
   131 00000388 78                 
   132 00000389 20202C20533A3078            .p3 db "  , S:0x"
   133 00000391 20200A0D00                  .p4 db "  ", 0x0A, 0x0D, 0
   134                                  
   135 00000396 43616E277420676574-         .e0 db "Can't get drive number.", 0
   135 0000039F 206472697665206E75-
   135 000003A8 6D6265722E00       
   136                                  
   137                                  ;;;
   138                                  ;;; ブート処理の第3ステージ
   139                                  ;;;
   140                                  stage_3rd:
   141                                      ;; 文字列を表示
   142 000003AE 68[F103]E80CFD83C4-         cdecl puts, .s0
   142 000003B6 02                 
   143                                  
   144                                      ;; プロテクトモードで使用するフォントは，BIOSに内蔵されたものを流用する
   145 000003B7 68[0002]E808FF83C4-         cdecl get_font_adr, FONT    ; BIOSのフォントを取得
   145 000003BF 02                 
   146                                  
   147                                      ;; フォントアドレスの表示
   148 000003C0 6A046A106A0468-             cdecl itoa, word [FONT.seg], .p1, 4, 16, 0b0100
   148 000003C7 [0F04]FF36[0002]E8-
   148 000003CE 34FE83C40A         
   149 000003D3 6A046A106A0468-             cdecl itoa, word [FONT.off], .p2, 4, 16, 0b0100
   149 000003DA [1404]FF36[0202]E8-
   149 000003E1 21FE83C40A         
   150 000003E6 68[0104]E8D4FC83C4-         cdecl puts, .s1
   150 000003EE 02                 
   151                                      ;; 処理の終了
   152 000003EF EBFE                        jmp $                ; while (1)
   153                                  
   154                                      ;; data
   155 000003F1 337264207374616765-         .s0: db "3rd stage...,", 0x0A, 0x0D, 0
   155 000003FA 2E2E2E2C0A0D00     
   156                                  
   157 00000401 20466F6E7420416464-         .s1: db " Font Address="
   157 0000040A 726573733D         
   158 0000040F 5A5A5A5A3A                  .p1: db "ZZZZ:"
   159 00000414 5A5A5A5A0A0D00              .p2: db "ZZZZ", 0x0A, 0x0D, 0
   160 0000041B 0A0D00                      db 0x0A, 0x0D, 0
   161                                  ;;;
   162                                  ;;; パディング(このファイルは 8K byte とする)
   163                                  ;;;
   164 0000041E 00<rept>                    times BOOT_SIZE - ($ - $$) db 0 ; padding
